######################## CHANGES.log ########################

---------- [19-04-2019] ----------

- Version 1.0.0
- Repository created

----------------------------------

---------- [05-05-2019] ----------

- Version 1.0.1
- Add new versions name of windows registers
- Code improvement

----------------------------------

---------- [02-06-2019] ----------

- Version 1.0.2
- Modifying all name of .py files
- Deleting Error class
- Slight code improvement

----------------------------------

---------- [08-06-2019] ----------

- Version 1.0.3
- Change the way  treat the paths to USB key
- Update README.md

----------------------------------
